[ 2016-08-11T17:28:41+08:00 ] 222.137.196.2 /User/Index/verify.html
INFO: [ app_begin ] --START--
INFO: Run Behavior\ReadHtmlCacheBehavior [ RunTime:0.000342s ]
INFO: [ app_begin ] --END-- [ RunTime:0.000578s ]
SQL: SHOW COLUMNS FROM `lx_admin` [ RunTime:0.0090s ]
SQL: SELECT * FROM `lx_admin` WHERE `name` = 'admin' AND `pwd` = '96e79218965eb72c92a549dd5a330112' LIMIT 1   [ RunTime:0.0011s ]
SQL: SHOW COLUMNS FROM `lx_record` [ RunTime:0.0028s ]
SQL: INSERT INTO `lx_record` (`admin_id`,`last_login`,`ip`) VALUES ('1','1470907721','222.137.196.2') [ RunTime:0.0013s ]
INFO: [ app_end ] --START--
INFO: Run Behavior\ShowPageTraceBehavior [ RunTime:0.000454s ]
INFO: [ app_end ] --END-- [ RunTime:0.000497s ]

[ 2016-08-11T17:44:41+08:00 ] 123.52.87.76 /User/Index/verify.html
INFO: [ app_begin ] --START--
INFO: Run Behavior\ReadHtmlCacheBehavior [ RunTime:0.000300s ]
INFO: [ app_begin ] --END-- [ RunTime:0.000519s ]
SQL: SHOW COLUMNS FROM `lx_admin` [ RunTime:0.0014s ]
SQL: SELECT * FROM `lx_admin` WHERE `name` = 'admin' AND `pwd` = '96e79218965eb72c92a549dd5a330112' LIMIT 1   [ RunTime:0.0003s ]
SQL: SHOW COLUMNS FROM `lx_record` [ RunTime:0.0011s ]
SQL: INSERT INTO `lx_record` (`admin_id`,`last_login`,`ip`) VALUES ('1','1470908681','123.52.87.76') [ RunTime:0.0003s ]
INFO: [ app_end ] --START--
INFO: Run Behavior\ShowPageTraceBehavior [ RunTime:0.000377s ]
INFO: [ app_end ] --END-- [ RunTime:0.000418s ]

