[ 2017-03-12T11:15:27+08:00 ] 127.0.0.1 /User/Index/verify.html
INFO: [ app_begin ] --START--
INFO: Run Behavior\ReadHtmlCacheBehavior [ RunTime:0.000248s ]
INFO: [ app_begin ] --END-- [ RunTime:0.000440s ]
SQL: SHOW COLUMNS FROM `lx_admin` [ RunTime:0.0089s ]
SQL: SELECT * FROM `lx_admin` WHERE `name` = 'admin' AND `pwd` = '96e79218965eb72c92a549dd5a330112' LIMIT 1   [ RunTime:0.0011s ]
SQL: SHOW COLUMNS FROM `lx_record` [ RunTime:0.0121s ]
SQL: INSERT INTO `lx_record` (`admin_id`,`last_login`,`ip`) VALUES ('1','1489288527','127.0.0.1') [ RunTime:0.0009s ]
INFO: [ app_end ] --START--
INFO: Run Behavior\ShowPageTraceBehavior [ RunTime:0.000770s ]
INFO: [ app_end ] --END-- [ RunTime:0.000827s ]

[ 2017-03-12T14:41:33+08:00 ] 127.0.0.1 /User/Index/verify.html
INFO: [ app_begin ] --START--
INFO: Run Behavior\ReadHtmlCacheBehavior [ RunTime:0.000230s ]
INFO: [ app_begin ] --END-- [ RunTime:0.000408s ]
SQL: SHOW COLUMNS FROM `lx_admin` [ RunTime:0.0054s ]
SQL: SELECT * FROM `lx_admin` WHERE `name` = 'admin' AND `pwd` = '96e79218965eb72c92a549dd5a330112' LIMIT 1   [ RunTime:0.0041s ]
SQL: SHOW COLUMNS FROM `lx_record` [ RunTime:0.0059s ]
SQL: INSERT INTO `lx_record` (`admin_id`,`last_login`,`ip`) VALUES ('1','1489300893','127.0.0.1') [ RunTime:0.0014s ]
INFO: [ app_end ] --START--
INFO: Run Behavior\ShowPageTraceBehavior [ RunTime:0.000588s ]
INFO: [ app_end ] --END-- [ RunTime:0.000622s ]

[ 2017-03-12T14:46:38+08:00 ] 127.0.0.1 /User/Index/verify.html
INFO: [ app_begin ] --START--
INFO: Run Behavior\ReadHtmlCacheBehavior [ RunTime:0.000261s ]
INFO: [ app_begin ] --END-- [ RunTime:0.000461s ]
SQL: SHOW COLUMNS FROM `lx_admin` [ RunTime:0.0073s ]
SQL: SELECT * FROM `lx_admin` WHERE `name` = 'admin' AND `pwd` = '96e79218965eb72c92a549dd5a330112' LIMIT 1   [ RunTime:0.0009s ]
SQL: SHOW COLUMNS FROM `lx_record` [ RunTime:0.0064s ]
SQL: INSERT INTO `lx_record` (`admin_id`,`last_login`,`ip`) VALUES ('1','1489301197','127.0.0.1') [ RunTime:0.0007s ]
INFO: [ app_end ] --START--
INFO: Run Behavior\ShowPageTraceBehavior [ RunTime:0.001260s ]
INFO: [ app_end ] --END-- [ RunTime:0.001325s ]

[ 2017-03-12T14:46:39+08:00 ] 127.0.0.1 /User/Index/verify.html
INFO: [ app_begin ] --START--
INFO: Run Behavior\ReadHtmlCacheBehavior [ RunTime:0.000322s ]
INFO: [ app_begin ] --END-- [ RunTime:0.000568s ]
INFO: [ app_end ] --START--
INFO: Run Behavior\ShowPageTraceBehavior [ RunTime:0.000537s ]
INFO: [ app_end ] --END-- [ RunTime:0.000620s ]

[ 2017-03-12T15:41:11+08:00 ] 127.0.0.1 /User/Index/verify.html
INFO: [ app_begin ] --START--
INFO: Run Behavior\ReadHtmlCacheBehavior [ RunTime:0.001147s ]
INFO: [ app_begin ] --END-- [ RunTime:0.001919s ]
SQL: SHOW COLUMNS FROM `lx_admin` [ RunTime:0.0034s ]
SQL: SELECT * FROM `lx_admin` WHERE `name` = 'admin' AND `pwd` = '96e79218965eb72c92a549dd5a330112' LIMIT 1   [ RunTime:0.0005s ]
SQL: SHOW COLUMNS FROM `lx_record` [ RunTime:0.0031s ]
SQL: INSERT INTO `lx_record` (`admin_id`,`last_login`,`ip`) VALUES ('1','1489304471','127.0.0.1') [ RunTime:0.0006s ]
INFO: [ app_end ] --START--
INFO: Run Behavior\ShowPageTraceBehavior [ RunTime:0.001071s ]
INFO: [ app_end ] --END-- [ RunTime:0.001117s ]

[ 2017-03-12T15:41:11+08:00 ] 127.0.0.1 /User/Index/verify.html
INFO: [ app_begin ] --START--
INFO: Run Behavior\ReadHtmlCacheBehavior [ RunTime:0.001117s ]
INFO: [ app_begin ] --END-- [ RunTime:0.001718s ]
INFO: [ app_end ] --START--
INFO: Run Behavior\ShowPageTraceBehavior [ RunTime:0.000643s ]
INFO: [ app_end ] --END-- [ RunTime:0.000691s ]

