[ 2016-08-05T08:58:32+08:00 ] 123.52.86.38 /User/Index/verify.html
INFO: [ app_begin ] --START--
INFO: Run Behavior\ReadHtmlCacheBehavior [ RunTime:0.000318s ]
INFO: [ app_begin ] --END-- [ RunTime:0.000532s ]
SQL: SHOW COLUMNS FROM `lx_admin` [ RunTime:0.0014s ]
SQL: SELECT * FROM `lx_admin` WHERE `name` = 'admin' AND `pwd` = '96e79218965eb72c92a549dd5a330112' LIMIT 1   [ RunTime:0.0157s ]
SQL: SHOW COLUMNS FROM `lx_record` [ RunTime:0.0015s ]
SQL: INSERT INTO `lx_record` (`admin_id`,`last_login`,`ip`) VALUES ('1','1470358712','123.52.86.38') [ RunTime:0.0003s ]
INFO: [ app_end ] --START--
INFO: Run Behavior\ShowPageTraceBehavior [ RunTime:0.000467s ]
INFO: [ app_end ] --END-- [ RunTime:0.000510s ]

[ 2016-08-05T09:15:58+08:00 ] 123.52.86.38 /User/Index/verify.html
INFO: [ app_begin ] --START--
INFO: Run Behavior\ReadHtmlCacheBehavior [ RunTime:0.000330s ]
INFO: [ app_begin ] --END-- [ RunTime:0.000553s ]
SQL: SHOW COLUMNS FROM `lx_admin` [ RunTime:0.0014s ]
SQL: SELECT * FROM `lx_admin` WHERE `name` = 'admin' AND `pwd` = '96e79218965eb72c92a549dd5a330112' LIMIT 1   [ RunTime:0.0002s ]
SQL: SHOW COLUMNS FROM `lx_record` [ RunTime:0.0012s ]
SQL: INSERT INTO `lx_record` (`admin_id`,`last_login`,`ip`) VALUES ('1','1470359758','123.52.86.38') [ RunTime:0.0003s ]
INFO: [ app_end ] --START--
INFO: Run Behavior\ShowPageTraceBehavior [ RunTime:0.000337s ]
INFO: [ app_end ] --END-- [ RunTime:0.000379s ]

[ 2016-08-05T11:18:31+08:00 ] 222.137.192.71 /User/Index/verify.html
INFO: [ app_begin ] --START--
INFO: Run Behavior\ReadHtmlCacheBehavior [ RunTime:0.000317s ]
INFO: [ app_begin ] --END-- [ RunTime:0.000532s ]
INFO: [ app_end ] --START--
INFO: Run Behavior\ShowPageTraceBehavior [ RunTime:0.000286s ]
INFO: [ app_end ] --END-- [ RunTime:0.000325s ]

[ 2016-08-05T11:18:38+08:00 ] 222.137.192.71 /User/Index/verify.html
INFO: [ app_begin ] --START--
INFO: Run Behavior\ReadHtmlCacheBehavior [ RunTime:0.000370s ]
INFO: [ app_begin ] --END-- [ RunTime:0.000638s ]
SQL: SHOW COLUMNS FROM `lx_admin` [ RunTime:0.0015s ]
SQL: SELECT * FROM `lx_admin` WHERE `name` = ' admin' AND `pwd` = '96e79218965eb72c92a549dd5a330112' LIMIT 1   [ RunTime:0.0002s ]
INFO: [ app_end ] --START--
INFO: Run Behavior\ShowPageTraceBehavior [ RunTime:0.000316s ]
INFO: [ app_end ] --END-- [ RunTime:0.000352s ]

[ 2016-08-05T11:18:55+08:00 ] 222.137.192.71 /User/Index/verify.html
INFO: [ app_begin ] --START--
INFO: Run Behavior\ReadHtmlCacheBehavior [ RunTime:0.000394s ]
INFO: [ app_begin ] --END-- [ RunTime:0.000615s ]
INFO: [ app_end ] --START--
INFO: Run Behavior\ShowPageTraceBehavior [ RunTime:0.000292s ]
INFO: [ app_end ] --END-- [ RunTime:0.000331s ]

[ 2016-08-05T11:19:06+08:00 ] 222.137.192.71 /User/Index/verify.html
INFO: [ app_begin ] --START--
INFO: Run Behavior\ReadHtmlCacheBehavior [ RunTime:0.000304s ]
INFO: [ app_begin ] --END-- [ RunTime:0.000518s ]
SQL: SHOW COLUMNS FROM `lx_admin` [ RunTime:0.0014s ]
SQL: SELECT * FROM `lx_admin` WHERE `name` = ' admin' AND `pwd` = '96e79218965eb72c92a549dd5a330112' LIMIT 1   [ RunTime:0.0004s ]
INFO: [ app_end ] --START--
INFO: Run Behavior\ShowPageTraceBehavior [ RunTime:0.000544s ]
INFO: [ app_end ] --END-- [ RunTime:0.000594s ]

[ 2016-08-05T11:19:52+08:00 ] 222.137.192.71 /User/Index/verify.html
INFO: [ app_begin ] --START--
INFO: Run Behavior\ReadHtmlCacheBehavior [ RunTime:0.000308s ]
INFO: [ app_begin ] --END-- [ RunTime:0.000538s ]
SQL: SHOW COLUMNS FROM `lx_admin` [ RunTime:0.0014s ]
SQL: SELECT * FROM `lx_admin` WHERE `name` = ' admin' AND `pwd` = '96e79218965eb72c92a549dd5a330112' LIMIT 1   [ RunTime:0.0002s ]
INFO: [ app_end ] --START--
INFO: Run Behavior\ShowPageTraceBehavior [ RunTime:0.000349s ]
INFO: [ app_end ] --END-- [ RunTime:0.000385s ]

[ 2016-08-05T11:19:53+08:00 ] 222.137.192.71 /User/Index/verify.html
INFO: [ app_begin ] --START--
INFO: Run Behavior\ReadHtmlCacheBehavior [ RunTime:0.000338s ]
INFO: [ app_begin ] --END-- [ RunTime:0.000555s ]
INFO: [ app_end ] --START--
INFO: Run Behavior\ShowPageTraceBehavior [ RunTime:0.000284s ]
INFO: [ app_end ] --END-- [ RunTime:0.000355s ]

[ 2016-08-05T11:20:04+08:00 ] 222.137.192.71 /User/Index/verify.html
INFO: [ app_begin ] --START--
INFO: Run Behavior\ReadHtmlCacheBehavior [ RunTime:0.000333s ]
INFO: [ app_begin ] --END-- [ RunTime:0.000577s ]
INFO: [ app_end ] --START--
INFO: Run Behavior\ShowPageTraceBehavior [ RunTime:0.000290s ]
INFO: [ app_end ] --END-- [ RunTime:0.000342s ]

[ 2016-08-05T11:20:13+08:00 ] 222.137.192.71 /User/Index/verify.html
INFO: [ app_begin ] --START--
INFO: Run Behavior\ReadHtmlCacheBehavior [ RunTime:0.000342s ]
INFO: [ app_begin ] --END-- [ RunTime:0.000568s ]
SQL: SHOW COLUMNS FROM `lx_admin` [ RunTime:0.0014s ]
SQL: SELECT * FROM `lx_admin` WHERE `name` = ' admin' AND `pwd` = '96e79218965eb72c92a549dd5a330112' LIMIT 1   [ RunTime:0.0003s ]
INFO: [ app_end ] --START--
INFO: Run Behavior\ShowPageTraceBehavior [ RunTime:0.000383s ]
INFO: [ app_end ] --END-- [ RunTime:0.000423s ]

[ 2016-08-05T11:20:20+08:00 ] 222.137.192.71 /User/Index/verify.html
INFO: [ app_begin ] --START--
INFO: Run Behavior\ReadHtmlCacheBehavior [ RunTime:0.000315s ]
INFO: [ app_begin ] --END-- [ RunTime:0.000530s ]
SQL: SHOW COLUMNS FROM `lx_admin` [ RunTime:0.0014s ]
SQL: SELECT * FROM `lx_admin` WHERE `name` = ' admin' AND `pwd` = '96e79218965eb72c92a549dd5a330112' LIMIT 1   [ RunTime:0.0003s ]
INFO: [ app_end ] --START--
INFO: Run Behavior\ShowPageTraceBehavior [ RunTime:0.000388s ]
INFO: [ app_end ] --END-- [ RunTime:0.000433s ]

[ 2016-08-05T11:20:46+08:00 ] 222.137.192.71 /User/Index/verify.html
INFO: [ app_begin ] --START--
INFO: Run Behavior\ReadHtmlCacheBehavior [ RunTime:0.000336s ]
INFO: [ app_begin ] --END-- [ RunTime:0.000588s ]
SQL: SHOW COLUMNS FROM `lx_admin` [ RunTime:0.0020s ]
SQL: SELECT * FROM `lx_admin` WHERE `name` = ' admin' AND `pwd` = '96e79218965eb72c92a549dd5a330112' LIMIT 1   [ RunTime:0.0003s ]
INFO: [ app_end ] --START--
INFO: Run Behavior\ShowPageTraceBehavior [ RunTime:0.000571s ]
INFO: [ app_end ] --END-- [ RunTime:0.000622s ]

[ 2016-08-05T11:21:31+08:00 ] 123.52.86.38 /User/Index/verify.html
INFO: [ app_begin ] --START--
INFO: Run Behavior\ReadHtmlCacheBehavior [ RunTime:0.000294s ]
INFO: [ app_begin ] --END-- [ RunTime:0.000513s ]
SQL: SHOW COLUMNS FROM `lx_admin` [ RunTime:0.0019s ]
SQL: SELECT * FROM `lx_admin` WHERE `name` = 'admin' AND `pwd` = '96e79218965eb72c92a549dd5a330112' LIMIT 1   [ RunTime:0.0003s ]
SQL: SHOW COLUMNS FROM `lx_record` [ RunTime:0.0012s ]
SQL: INSERT INTO `lx_record` (`admin_id`,`last_login`,`ip`) VALUES ('1','1470367291','123.52.86.38') [ RunTime:0.0003s ]
INFO: [ app_end ] --START--
INFO: Run Behavior\ShowPageTraceBehavior [ RunTime:0.000436s ]
INFO: [ app_end ] --END-- [ RunTime:0.000478s ]

[ 2016-08-05T11:21:39+08:00 ] 222.137.192.71 /User/Index/verify.html
INFO: [ app_begin ] --START--
INFO: Run Behavior\ReadHtmlCacheBehavior [ RunTime:0.000348s ]
INFO: [ app_begin ] --END-- [ RunTime:0.000592s ]
SQL: SHOW COLUMNS FROM `lx_admin` [ RunTime:0.0014s ]
SQL: SELECT * FROM `lx_admin` WHERE `name` = '  admin' AND `pwd` = '96e79218965eb72c92a549dd5a330112' LIMIT 1   [ RunTime:0.0003s ]
INFO: [ app_end ] --START--
INFO: Run Behavior\ShowPageTraceBehavior [ RunTime:0.000318s ]
INFO: [ app_end ] --END-- [ RunTime:0.000356s ]

[ 2016-08-05T11:21:50+08:00 ] 222.137.192.71 /User/Index/verify.html
INFO: [ app_begin ] --START--
INFO: Run Behavior\ReadHtmlCacheBehavior [ RunTime:0.000297s ]
INFO: [ app_begin ] --END-- [ RunTime:0.000543s ]
SQL: SHOW COLUMNS FROM `lx_admin` [ RunTime:0.0015s ]
SQL: SELECT * FROM `lx_admin` WHERE `name` = '  admin' AND `pwd` = '96e79218965eb72c92a549dd5a330112' LIMIT 1   [ RunTime:0.0003s ]
INFO: [ app_end ] --START--
INFO: Run Behavior\ShowPageTraceBehavior [ RunTime:0.000345s ]
INFO: [ app_end ] --END-- [ RunTime:0.000385s ]

[ 2016-08-05T11:22:02+08:00 ] 222.137.192.71 /User/Index/verify.html
INFO: [ app_begin ] --START--
INFO: Run Behavior\ReadHtmlCacheBehavior [ RunTime:0.000317s ]
INFO: [ app_begin ] --END-- [ RunTime:0.000531s ]
SQL: SHOW COLUMNS FROM `lx_admin` [ RunTime:0.0014s ]
SQL: SELECT * FROM `lx_admin` WHERE `name` = '  admin' AND `pwd` = '96e79218965eb72c92a549dd5a330112' LIMIT 1   [ RunTime:0.0002s ]
INFO: [ app_end ] --START--
INFO: Run Behavior\ShowPageTraceBehavior [ RunTime:0.000330s ]
INFO: [ app_end ] --END-- [ RunTime:0.000369s ]

[ 2016-08-05T11:22:26+08:00 ] 222.137.192.71 /User/Index/verify.html
INFO: [ app_begin ] --START--
INFO: Run Behavior\ReadHtmlCacheBehavior [ RunTime:0.000296s ]
INFO: [ app_begin ] --END-- [ RunTime:0.000533s ]
SQL: SHOW COLUMNS FROM `lx_admin` [ RunTime:0.0014s ]
SQL: SELECT * FROM `lx_admin` WHERE `name` = '  admin' AND `pwd` = '96e79218965eb72c92a549dd5a330112' LIMIT 1   [ RunTime:0.0002s ]
INFO: [ app_end ] --START--
INFO: Run Behavior\ShowPageTraceBehavior [ RunTime:0.000342s ]
INFO: [ app_end ] --END-- [ RunTime:0.000379s ]

[ 2016-08-05T11:23:20+08:00 ] 123.52.86.38 /User/Index/verify.html
INFO: [ app_begin ] --START--
INFO: Run Behavior\ReadHtmlCacheBehavior [ RunTime:0.000290s ]
INFO: [ app_begin ] --END-- [ RunTime:0.000505s ]
SQL: SHOW COLUMNS FROM `lx_admin` [ RunTime:0.0015s ]
SQL: SELECT * FROM `lx_admin` WHERE `name` = 'admin' AND `pwd` = '96e79218965eb72c92a549dd5a330112' LIMIT 1   [ RunTime:0.0002s ]
SQL: SHOW COLUMNS FROM `lx_record` [ RunTime:0.0008s ]
SQL: INSERT INTO `lx_record` (`admin_id`,`last_login`,`ip`) VALUES ('1','1470367400','123.52.86.38') [ RunTime:0.0003s ]
INFO: [ app_end ] --START--
INFO: Run Behavior\ShowPageTraceBehavior [ RunTime:0.000340s ]
INFO: [ app_end ] --END-- [ RunTime:0.000380s ]

[ 2016-08-05T11:23:47+08:00 ] 222.137.192.71 /User/Index/verify.html
INFO: [ app_begin ] --START--
INFO: Run Behavior\ReadHtmlCacheBehavior [ RunTime:0.000322s ]
INFO: [ app_begin ] --END-- [ RunTime:0.000547s ]
SQL: SHOW COLUMNS FROM `lx_admin` [ RunTime:0.0014s ]
SQL: SELECT * FROM `lx_admin` WHERE `name` = '  admin' AND `pwd` = '96e79218965eb72c92a549dd5a330112' LIMIT 1   [ RunTime:0.0002s ]
INFO: [ app_end ] --START--
INFO: Run Behavior\ShowPageTraceBehavior [ RunTime:0.000320s ]
INFO: [ app_end ] --END-- [ RunTime:0.000358s ]

[ 2016-08-05T11:24:16+08:00 ] 222.137.192.71 /User/Index/verify.html
INFO: [ app_begin ] --START--
INFO: Run Behavior\ReadHtmlCacheBehavior [ RunTime:0.000297s ]
INFO: [ app_begin ] --END-- [ RunTime:0.000514s ]
SQL: SHOW COLUMNS FROM `lx_admin` [ RunTime:0.0014s ]
SQL: SELECT * FROM `lx_admin` WHERE `name` = 'admin' AND `pwd` = '96e79218965eb72c92a549dd5a330112' LIMIT 1   [ RunTime:0.0002s ]
SQL: SHOW COLUMNS FROM `lx_record` [ RunTime:0.0008s ]
SQL: INSERT INTO `lx_record` (`admin_id`,`last_login`,`ip`) VALUES ('1','1470367456','222.137.192.71') [ RunTime:0.0002s ]
INFO: [ app_end ] --START--
INFO: Run Behavior\ShowPageTraceBehavior [ RunTime:0.000326s ]
INFO: [ app_end ] --END-- [ RunTime:0.000364s ]

[ 2016-08-05T11:24:30+08:00 ] 123.149.212.18 /User/Index/verify.html
INFO: [ app_begin ] --START--
INFO: Run Behavior\ReadHtmlCacheBehavior [ RunTime:0.000294s ]
INFO: [ app_begin ] --END-- [ RunTime:0.000508s ]
SQL: SHOW COLUMNS FROM `lx_admin` [ RunTime:0.0014s ]
SQL: SELECT * FROM `lx_admin` WHERE `name` = 'admin' AND `pwd` = '96e79218965eb72c92a549dd5a330112' LIMIT 1   [ RunTime:0.0003s ]
SQL: SHOW COLUMNS FROM `lx_record` [ RunTime:0.0009s ]
SQL: INSERT INTO `lx_record` (`admin_id`,`last_login`,`ip`) VALUES ('1','1470367470','123.149.212.18') [ RunTime:0.0003s ]
INFO: [ app_end ] --START--
INFO: Run Behavior\ShowPageTraceBehavior [ RunTime:0.000445s ]
INFO: [ app_end ] --END-- [ RunTime:0.000486s ]

[ 2016-08-05T11:34:28+08:00 ] 123.52.86.38 /User/Index/verify.html
INFO: [ app_begin ] --START--
INFO: Run Behavior\ReadHtmlCacheBehavior [ RunTime:0.000298s ]
INFO: [ app_begin ] --END-- [ RunTime:0.000516s ]
SQL: SHOW COLUMNS FROM `lx_admin` [ RunTime:0.0015s ]
SQL: SELECT * FROM `lx_admin` WHERE `name` = 'admin' AND `pwd` = '96e79218965eb72c92a549dd5a330112' LIMIT 1   [ RunTime:0.0003s ]
SQL: SHOW COLUMNS FROM `lx_record` [ RunTime:0.0008s ]
SQL: INSERT INTO `lx_record` (`admin_id`,`last_login`,`ip`) VALUES ('1','1470368068','123.52.86.38') [ RunTime:0.0003s ]
INFO: [ app_end ] --START--
INFO: Run Behavior\ShowPageTraceBehavior [ RunTime:0.000500s ]
INFO: [ app_end ] --END-- [ RunTime:0.000542s ]

[ 2016-08-05T11:36:26+08:00 ] 123.52.86.38 /User/Index/verify.html
INFO: [ app_begin ] --START--
INFO: Run Behavior\ReadHtmlCacheBehavior [ RunTime:0.000292s ]
INFO: [ app_begin ] --END-- [ RunTime:0.000528s ]
SQL: SHOW COLUMNS FROM `lx_admin` [ RunTime:0.0014s ]
SQL: SELECT * FROM `lx_admin` WHERE `name` = 'admin' AND `pwd` = '96e79218965eb72c92a549dd5a330112' LIMIT 1   [ RunTime:0.0002s ]
SQL: SHOW COLUMNS FROM `lx_record` [ RunTime:0.0008s ]
SQL: INSERT INTO `lx_record` (`admin_id`,`last_login`,`ip`) VALUES ('1','1470368186','123.52.86.38') [ RunTime:0.0003s ]
INFO: [ app_end ] --START--
INFO: Run Behavior\ShowPageTraceBehavior [ RunTime:0.000326s ]
INFO: [ app_end ] --END-- [ RunTime:0.000363s ]

