[ 2016-08-12T02:24:36+08:00 ] 121.42.0.89 /
INFO: [ app_begin ] --START--
INFO: Run Behavior\ReadHtmlCacheBehavior [ RunTime:0.000330s ]
INFO: [ app_begin ] --END-- [ RunTime:0.000562s ]
SQL: SHOW COLUMNS FROM `lx_system` [ RunTime:0.0313s ]
SQL: SELECT * FROM `lx_system` ORDER BY id asc  [ RunTime:0.0003s ]
SQL: SHOW COLUMNS FROM `lx_contact` [ RunTime:0.0101s ]
SQL: SELECT * FROM `lx_contact` ORDER BY id asc LIMIT 1   [ RunTime:0.0002s ]
SQL: SHOW COLUMNS FROM `lx_ads` [ RunTime:0.0065s ]
SQL: SELECT * FROM `lx_ads` WHERE ( pid = 1 ) LIMIT 1   [ RunTime:0.0003s ]
SQL: SELECT * FROM `lx_ads` WHERE ( pid = 2 )  [ RunTime:0.0002s ]
SQL: SELECT * FROM `lx_ads` WHERE ( pid = 3 ) LIMIT 1   [ RunTime:0.0002s ]
SQL: SELECT * FROM `lx_ads` WHERE ( pid = 4 ) LIMIT 1   [ RunTime:0.0002s ]
SQL: SELECT * FROM `lx_ads` WHERE ( pid = 5 ) LIMIT 1   [ RunTime:0.0002s ]
SQL: SELECT * FROM `lx_ads` WHERE ( pid = 6 ) LIMIT 1   [ RunTime:0.0002s ]
SQL: SELECT * FROM `lx_ads` WHERE ( pid = 7 ) LIMIT 1   [ RunTime:0.0002s ]
SQL: SELECT * FROM `lx_ads` WHERE ( pid = 8 ) LIMIT 1   [ RunTime:0.0002s ]
SQL: SELECT * FROM `lx_ads` WHERE ( pid = 8 ) LIMIT 1   [ RunTime:0.0002s ]
NOTIC: [8] Undefined variable: foot_image /alidata/www/work/hkp/09/Application/Home/Controller/BaseController.class.php 第 21 行.
SQL: SHOW COLUMNS FROM `lx_brand` [ RunTime:0.0024s ]
SQL: SELECT * FROM `lx_brand` ORDER BY sort desc  [ RunTime:0.0003s ]
SQL: SHOW COLUMNS FROM `lx_bimg` [ RunTime:0.0035s ]
SQL: SELECT * FROM `lx_bimg` ORDER BY sort desc  [ RunTime:0.0002s ]
SQL: SHOW COLUMNS FROM `lx_picture` [ RunTime:0.0024s ]
SQL: SELECT * FROM `lx_picture` ORDER BY id desc  [ RunTime:0.0002s ]
SQL: SELECT * FROM `lx_contact` WHERE ( id= 1 ) LIMIT 1   [ RunTime:0.0002s ]
INFO: [ view_parse ] --START--
INFO: [ template_filter ] --START--
INFO: Run Behavior\ContentReplaceBehavior [ RunTime:0.000077s ]
INFO: [ template_filter ] --END-- [ RunTime:0.000135s ]
SQL: SHOW COLUMNS FROM `lx_seo_rule` [ RunTime:0.0037s ]
SQL: SELECT * FROM `lx_seo_rule` WHERE ( status="1" )  [ RunTime:0.0003s ]
NOTIC: [8] Use of undefined constant Index - assumed 'Index' /alidata/www/work/hkp/09/Application/Runtime/Cache/Home/2a94b8bda04ff446dcedd42276fc99ee.php 第 17 行.
NOTIC: [8] Use of undefined constant Index - assumed 'Index' /alidata/www/work/hkp/09/Application/Runtime/Cache/Home/2a94b8bda04ff446dcedd42276fc99ee.php 第 45 行.
NOTIC: [8] Use of undefined constant About - assumed 'About' /alidata/www/work/hkp/09/Application/Runtime/Cache/Home/2a94b8bda04ff446dcedd42276fc99ee.php 第 46 行.
NOTIC: [8] Use of undefined constant News - assumed 'News' /alidata/www/work/hkp/09/Application/Runtime/Cache/Home/2a94b8bda04ff446dcedd42276fc99ee.php 第 47 行.
NOTIC: [8] Use of undefined constant Brand - assumed 'Brand' /alidata/www/work/hkp/09/Application/Runtime/Cache/Home/2a94b8bda04ff446dcedd42276fc99ee.php 第 48 行.
NOTIC: [8] Use of undefined constant Vip - assumed 'Vip' /alidata/www/work/hkp/09/Application/Runtime/Cache/Home/2a94b8bda04ff446dcedd42276fc99ee.php 第 49 行.
NOTIC: [8] Use of undefined constant Join - assumed 'Join' /alidata/www/work/hkp/09/Application/Runtime/Cache/Home/2a94b8bda04ff446dcedd42276fc99ee.php 第 50 行.
NOTIC: [8] Use of undefined constant Zhao - assumed 'Zhao' /alidata/www/work/hkp/09/Application/Runtime/Cache/Home/2a94b8bda04ff446dcedd42276fc99ee.php 第 51 行.
NOTIC: [8] Use of undefined constant Contact - assumed 'Contact' /alidata/www/work/hkp/09/Application/Runtime/Cache/Home/2a94b8bda04ff446dcedd42276fc99ee.php 第 52 行.
INFO: Run Behavior\ParseTemplateBehavior [ RunTime:0.022477s ]
INFO: [ view_parse ] --END-- [ RunTime:0.022521s ]
INFO: [ view_filter ] --START--
INFO: Run Behavior\WriteHtmlCacheBehavior [ RunTime:0.000139s ]
INFO: [ view_filter ] --END-- [ RunTime:0.000174s ]
INFO: [ app_end ] --START--
INFO: Run Behavior\ShowPageTraceBehavior [ RunTime:0.000312s ]
INFO: [ app_end ] --END-- [ RunTime:0.000354s ]

[ 2016-08-12T02:24:41+08:00 ] 121.42.0.89 /editors/index.html
INFO: [ app_begin ] --START--
INFO: Run Behavior\ReadHtmlCacheBehavior [ RunTime:0.000332s ]
INFO: [ app_begin ] --END-- [ RunTime:0.000549s ]
ERR: 无法加载控制器:Editors

[ 2016-08-12T02:24:58+08:00 ] 121.42.0.89 /job/templates/met/css/style.css
INFO: [ app_begin ] --START--
INFO: Run Behavior\ReadHtmlCacheBehavior [ RunTime:0.000302s ]
INFO: [ app_begin ] --END-- [ RunTime:0.000534s ]
ERR: 无法加载控制器:Job

[ 2016-08-12T02:25:03+08:00 ] 121.42.0.89 /script/valid_formdata.js
INFO: [ app_begin ] --START--
INFO: Run Behavior\ReadHtmlCacheBehavior [ RunTime:0.000391s ]
INFO: [ app_begin ] --END-- [ RunTime:0.000639s ]
ERR: 无法加载控制器:Script

[ 2016-08-12T02:25:06+08:00 ] 121.42.0.89 /wp-admin/js/farbtastic.js
INFO: [ app_begin ] --START--
INFO: Run Behavior\ReadHtmlCacheBehavior [ RunTime:0.000298s ]
INFO: [ app_begin ] --END-- [ RunTime:0.000513s ]
ERR: 无法加载控制器:Wp-admin

[ 2016-08-12T02:25:06+08:00 ] 121.42.0.89 /wp-includes/js/swfupload/plugins/swfupload.queue.js
INFO: [ app_begin ] --START--
INFO: Run Behavior\ReadHtmlCacheBehavior [ RunTime:0.000331s ]
INFO: [ app_begin ] --END-- [ RunTime:0.000559s ]
ERR: 无法加载控制器:Wp-includes

[ 2016-08-12T02:25:14+08:00 ] 121.42.0.89 /install/style.css
INFO: [ app_begin ] --START--
INFO: Run Behavior\ReadHtmlCacheBehavior [ RunTime:0.000338s ]
INFO: [ app_begin ] --END-- [ RunTime:0.000694s ]
ERR: 无法加载控制器:Install

[ 2016-08-12T02:25:19+08:00 ] 121.42.0.89 /LICENSE.txt
INFO: [ app_begin ] --START--
INFO: Run Behavior\ReadHtmlCacheBehavior [ RunTime:0.000316s ]
INFO: [ app_begin ] --END-- [ RunTime:0.000533s ]
ERR: 无法加载控制器:LICENSE.txt

[ 2016-08-12T02:25:28+08:00 ] 121.42.0.89 /extensions/kindeditor/themes/default/default.png)
NOTIC: [2] preg_replace(): Compilation failed: unmatched parentheses at offset 5 /alidata/www/work/hkp/09/ThinkPHP/Library/Think/Route.class.php 第 20 行.
INFO: [ app_begin ] --START--
INFO: Run Behavior\ReadHtmlCacheBehavior [ RunTime:0.000341s ]
INFO: [ app_begin ] --END-- [ RunTime:0.000395s ]
ERR: 无法加载控制器:Extensions

[ 2016-08-12T02:25:38+08:00 ] 121.42.0.89 /adfile/ad9.js
INFO: [ app_begin ] --START--
INFO: Run Behavior\ReadHtmlCacheBehavior [ RunTime:0.000296s ]
INFO: [ app_begin ] --END-- [ RunTime:0.000517s ]
ERR: 无法加载控制器:Adfile

[ 2016-08-12T10:40:10+08:00 ] 123.52.87.76 /index/cdan
INFO: [ app_begin ] --START--
INFO: Run Behavior\ReadHtmlCacheBehavior [ RunTime:0.002144s ]
INFO: [ app_begin ] --END-- [ RunTime:0.002389s ]
SQL: SHOW COLUMNS FROM `lx_system` [ RunTime:0.0097s ]
SQL: SELECT * FROM `lx_system` ORDER BY id asc  [ RunTime:0.0014s ]
SQL: SHOW COLUMNS FROM `lx_contact` [ RunTime:0.0011s ]
SQL: SELECT * FROM `lx_contact` ORDER BY id asc LIMIT 1   [ RunTime:0.0002s ]
SQL: SHOW COLUMNS FROM `lx_ads` [ RunTime:0.0159s ]
SQL: SELECT * FROM `lx_ads` WHERE ( pid = 1 ) LIMIT 1   [ RunTime:0.0017s ]
SQL: SELECT * FROM `lx_ads` WHERE ( pid = 2 )  [ RunTime:0.0002s ]
SQL: SELECT * FROM `lx_ads` WHERE ( pid = 3 ) LIMIT 1   [ RunTime:0.0002s ]
SQL: SELECT * FROM `lx_ads` WHERE ( pid = 4 ) LIMIT 1   [ RunTime:0.0002s ]
SQL: SELECT * FROM `lx_ads` WHERE ( pid = 5 ) LIMIT 1   [ RunTime:0.0002s ]
SQL: SELECT * FROM `lx_ads` WHERE ( pid = 6 ) LIMIT 1   [ RunTime:0.0002s ]
SQL: SELECT * FROM `lx_ads` WHERE ( pid = 7 ) LIMIT 1   [ RunTime:0.0002s ]
SQL: SELECT * FROM `lx_ads` WHERE ( pid = 8 ) LIMIT 1   [ RunTime:0.0002s ]
SQL: SELECT * FROM `lx_ads` WHERE ( pid = 8 ) LIMIT 1   [ RunTime:0.0002s ]
NOTIC: [8] Undefined variable: foot_image /alidata/www/work/hkp/09/Application/Home/Controller/BaseController.class.php 第 21 行.
ERR: 非法操作:cdan

[ 2016-08-12T10:40:14+08:00 ] 123.52.87.76 /index
INFO: [ app_begin ] --START--
INFO: Run Behavior\ReadHtmlCacheBehavior [ RunTime:0.000464s ]
INFO: [ app_begin ] --END-- [ RunTime:0.000731s ]
SQL: SHOW COLUMNS FROM `lx_system` [ RunTime:0.0015s ]
SQL: SELECT * FROM `lx_system` ORDER BY id asc  [ RunTime:0.0002s ]
SQL: SHOW COLUMNS FROM `lx_contact` [ RunTime:0.0008s ]
SQL: SELECT * FROM `lx_contact` ORDER BY id asc LIMIT 1   [ RunTime:0.0002s ]
SQL: SHOW COLUMNS FROM `lx_ads` [ RunTime:0.0008s ]
SQL: SELECT * FROM `lx_ads` WHERE ( pid = 1 ) LIMIT 1   [ RunTime:0.0002s ]
SQL: SELECT * FROM `lx_ads` WHERE ( pid = 2 )  [ RunTime:0.0002s ]
SQL: SELECT * FROM `lx_ads` WHERE ( pid = 3 ) LIMIT 1   [ RunTime:0.0002s ]
SQL: SELECT * FROM `lx_ads` WHERE ( pid = 4 ) LIMIT 1   [ RunTime:0.0002s ]
SQL: SELECT * FROM `lx_ads` WHERE ( pid = 5 ) LIMIT 1   [ RunTime:0.0002s ]
SQL: SELECT * FROM `lx_ads` WHERE ( pid = 6 ) LIMIT 1   [ RunTime:0.0002s ]
SQL: SELECT * FROM `lx_ads` WHERE ( pid = 7 ) LIMIT 1   [ RunTime:0.0002s ]
SQL: SELECT * FROM `lx_ads` WHERE ( pid = 8 ) LIMIT 1   [ RunTime:0.0002s ]
SQL: SELECT * FROM `lx_ads` WHERE ( pid = 8 ) LIMIT 1   [ RunTime:0.0002s ]
NOTIC: [8] Undefined variable: foot_image /alidata/www/work/hkp/09/Application/Home/Controller/BaseController.class.php 第 21 行.
SQL: SHOW COLUMNS FROM `lx_brand` [ RunTime:0.0010s ]
SQL: SELECT * FROM `lx_brand` ORDER BY sort desc  [ RunTime:0.0003s ]
SQL: SHOW COLUMNS FROM `lx_bimg` [ RunTime:0.0009s ]
SQL: SELECT * FROM `lx_bimg` ORDER BY sort desc  [ RunTime:0.0002s ]
SQL: SHOW COLUMNS FROM `lx_picture` [ RunTime:0.0025s ]
SQL: SELECT * FROM `lx_picture` ORDER BY id desc  [ RunTime:0.0039s ]
SQL: SELECT * FROM `lx_contact` WHERE ( id= 1 ) LIMIT 1   [ RunTime:0.0002s ]
INFO: [ view_parse ] --START--
INFO: [ template_filter ] --START--
INFO: Run Behavior\ContentReplaceBehavior [ RunTime:0.000080s ]
INFO: [ template_filter ] --END-- [ RunTime:0.000148s ]
SQL: SHOW COLUMNS FROM `lx_seo_rule` [ RunTime:0.0017s ]
SQL: SELECT * FROM `lx_seo_rule` WHERE ( status="1" )  [ RunTime:0.0003s ]
NOTIC: [8] Use of undefined constant Index - assumed 'Index' /alidata/www/work/hkp/09/Application/Runtime/Cache/Home/2a94b8bda04ff446dcedd42276fc99ee.php 第 17 行.
NOTIC: [8] Use of undefined constant Index - assumed 'Index' /alidata/www/work/hkp/09/Application/Runtime/Cache/Home/2a94b8bda04ff446dcedd42276fc99ee.php 第 45 行.
NOTIC: [8] Use of undefined constant About - assumed 'About' /alidata/www/work/hkp/09/Application/Runtime/Cache/Home/2a94b8bda04ff446dcedd42276fc99ee.php 第 46 行.
NOTIC: [8] Use of undefined constant News - assumed 'News' /alidata/www/work/hkp/09/Application/Runtime/Cache/Home/2a94b8bda04ff446dcedd42276fc99ee.php 第 47 行.
NOTIC: [8] Use of undefined constant Brand - assumed 'Brand' /alidata/www/work/hkp/09/Application/Runtime/Cache/Home/2a94b8bda04ff446dcedd42276fc99ee.php 第 48 行.
NOTIC: [8] Use of undefined constant Vip - assumed 'Vip' /alidata/www/work/hkp/09/Application/Runtime/Cache/Home/2a94b8bda04ff446dcedd42276fc99ee.php 第 49 行.
NOTIC: [8] Use of undefined constant Join - assumed 'Join' /alidata/www/work/hkp/09/Application/Runtime/Cache/Home/2a94b8bda04ff446dcedd42276fc99ee.php 第 50 行.
NOTIC: [8] Use of undefined constant Zhao - assumed 'Zhao' /alidata/www/work/hkp/09/Application/Runtime/Cache/Home/2a94b8bda04ff446dcedd42276fc99ee.php 第 51 行.
NOTIC: [8] Use of undefined constant Contact - assumed 'Contact' /alidata/www/work/hkp/09/Application/Runtime/Cache/Home/2a94b8bda04ff446dcedd42276fc99ee.php 第 52 行.
INFO: Run Behavior\ParseTemplateBehavior [ RunTime:0.053557s ]
INFO: [ view_parse ] --END-- [ RunTime:0.053600s ]
INFO: [ view_filter ] --START--
INFO: Run Behavior\WriteHtmlCacheBehavior [ RunTime:0.001435s ]
INFO: [ view_filter ] --END-- [ RunTime:0.001471s ]
INFO: [ app_end ] --START--
INFO: Run Behavior\ShowPageTraceBehavior [ RunTime:0.001073s ]
INFO: [ app_end ] --END-- [ RunTime:0.001113s ]

