[ 2017-03-09T20:28:07+08:00 ] 127.0.0.1 /Public/Admin/lib/Hui-iconfont/1.0.1/iconfont.css
INFO: [ app_begin ] --START--
INFO: Run Behavior\ReadHtmlCacheBehavior [ RunTime:0.000699s ]
INFO: [ app_begin ] --END-- [ RunTime:0.001259s ]
ERR: 无法加载控制器:Public

[ 2017-03-09T20:28:32+08:00 ] 127.0.0.1 /Public/Admin/lib/Hui-iconfont/1.0.1/iconfont.css
INFO: [ app_begin ] --START--
INFO: Run Behavior\ReadHtmlCacheBehavior [ RunTime:0.000556s ]
INFO: [ app_begin ] --END-- [ RunTime:0.001078s ]
ERR: 无法加载控制器:Public

[ 2017-03-09T20:28:56+08:00 ] 127.0.0.1 /Public/Admin/lib/Hui-iconfont/1.0.1/iconfont.css
INFO: [ app_begin ] --START--
INFO: Run Behavior\ReadHtmlCacheBehavior [ RunTime:0.000769s ]
INFO: [ app_begin ] --END-- [ RunTime:0.001387s ]
ERR: 无法加载控制器:Public

[ 2017-03-09T20:29:03+08:00 ] 127.0.0.1 /Public/Admin/lib/Hui-iconfont/1.0.1/iconfont.css
INFO: [ app_begin ] --START--
INFO: Run Behavior\ReadHtmlCacheBehavior [ RunTime:0.000532s ]
INFO: [ app_begin ] --END-- [ RunTime:0.000950s ]
ERR: 无法加载控制器:Public

[ 2017-03-09T20:29:13+08:00 ] 127.0.0.1 /Public/Admin/lib/Hui-iconfont/1.0.1/iconfont.css
INFO: [ app_begin ] --START--
INFO: Run Behavior\ReadHtmlCacheBehavior [ RunTime:0.000518s ]
INFO: [ app_begin ] --END-- [ RunTime:0.000951s ]
ERR: 无法加载控制器:Public

[ 2017-03-09T20:30:23+08:00 ] 127.0.0.1 /Public/Admin/lib/Hui-iconfont/1.0.1/iconfont.css
INFO: [ app_begin ] --START--
INFO: Run Behavior\ReadHtmlCacheBehavior [ RunTime:0.000509s ]
INFO: [ app_begin ] --END-- [ RunTime:0.000929s ]
ERR: 无法加载控制器:Public

[ 2017-03-09T20:33:13+08:00 ] 127.0.0.1 /Public/Admin/lib/Hui-iconfont/1.0.1/iconfont.css
INFO: [ app_begin ] --START--
INFO: Run Behavior\ReadHtmlCacheBehavior [ RunTime:0.001770s ]
INFO: [ app_begin ] --END-- [ RunTime:0.003101s ]
ERR: 无法加载控制器:Public

[ 2017-03-09T20:38:03+08:00 ] 127.0.0.1 /Public/Admin/lib/Hui-iconfont/1.0.1/iconfont.css
INFO: [ app_begin ] --START--
INFO: Run Behavior\ReadHtmlCacheBehavior [ RunTime:0.000622s ]
INFO: [ app_begin ] --END-- [ RunTime:0.001079s ]
ERR: 无法加载控制器:Public

[ 2017-03-09T20:44:10+08:00 ] 127.0.0.1 /Public/Admin/lib/Hui-iconfont/1.0.1/iconfont.css
INFO: [ app_begin ] --START--
INFO: Run Behavior\ReadHtmlCacheBehavior [ RunTime:0.000873s ]
INFO: [ app_begin ] --END-- [ RunTime:0.001555s ]
ERR: 无法加载控制器:Public

[ 2017-03-09T20:45:34+08:00 ] 127.0.0.1 /Public/Admin/lib/Hui-iconfont/1.0.1/iconfont.css
INFO: [ app_begin ] --START--
INFO: Run Behavior\ReadHtmlCacheBehavior [ RunTime:0.001875s ]
INFO: [ app_begin ] --END-- [ RunTime:0.002811s ]
ERR: 无法加载控制器:Public

[ 2017-03-09T20:46:30+08:00 ] 127.0.0.1 /Public/Admin/lib/Hui-iconfont/1.0.1/iconfont.css
INFO: [ app_begin ] --START--
INFO: Run Behavior\ReadHtmlCacheBehavior [ RunTime:0.001179s ]
INFO: [ app_begin ] --END-- [ RunTime:0.001903s ]
ERR: 无法加载控制器:Public

[ 2017-03-09T20:46:51+08:00 ] 127.0.0.1 /Public/Admin/lib/Hui-iconfont/1.0.1/iconfont.css
INFO: [ app_begin ] --START--
INFO: Run Behavior\ReadHtmlCacheBehavior [ RunTime:0.001151s ]
INFO: [ app_begin ] --END-- [ RunTime:0.001765s ]
ERR: 无法加载控制器:Public

[ 2017-03-09T20:47:09+08:00 ] 127.0.0.1 /Public/Admin/lib/Hui-iconfont/1.0.1/iconfont.css
INFO: [ app_begin ] --START--
INFO: Run Behavior\ReadHtmlCacheBehavior [ RunTime:0.000557s ]
INFO: [ app_begin ] --END-- [ RunTime:0.001152s ]
ERR: 无法加载控制器:Public

[ 2017-03-09T20:47:21+08:00 ] 127.0.0.1 /Public/Admin/lib/Hui-iconfont/1.0.1/iconfont.css
INFO: [ app_begin ] --START--
INFO: Run Behavior\ReadHtmlCacheBehavior [ RunTime:0.000575s ]
INFO: [ app_begin ] --END-- [ RunTime:0.001020s ]
ERR: 无法加载控制器:Public

[ 2017-03-09T21:06:39+08:00 ] 127.0.0.1 /Public/Admin/lib/Hui-iconfont/1.0.1/iconfont.css
INFO: [ app_begin ] --START--
INFO: Run Behavior\ReadHtmlCacheBehavior [ RunTime:0.001010s ]
INFO: [ app_begin ] --END-- [ RunTime:0.001808s ]
ERR: 无法加载控制器:Public

[ 2017-03-09T21:57:38+08:00 ] 127.0.0.1 /Public/Admin/lib/Hui-iconfont/1.0.1/iconfont.css
INFO: [ app_begin ] --START--
INFO: Run Behavior\ReadHtmlCacheBehavior [ RunTime:0.001910s ]
INFO: [ app_begin ] --END-- [ RunTime:0.003086s ]
ERR: 无法加载控制器:Public

[ 2017-03-09T21:57:48+08:00 ] 127.0.0.1 /Public/Admin/lib/Hui-iconfont/1.0.1/iconfont.css
INFO: [ app_begin ] --START--
INFO: Run Behavior\ReadHtmlCacheBehavior [ RunTime:0.003202s ]
INFO: [ app_begin ] --END-- [ RunTime:0.006884s ]
ERR: 无法加载控制器:Public

[ 2017-03-09T21:57:55+08:00 ] 127.0.0.1 /Public/Admin/lib/Hui-iconfont/1.0.1/iconfont.css
INFO: [ app_begin ] --START--
INFO: Run Behavior\ReadHtmlCacheBehavior [ RunTime:0.002147s ]
INFO: [ app_begin ] --END-- [ RunTime:0.003061s ]
ERR: 无法加载控制器:Public

[ 2017-03-09T21:57:58+08:00 ] 127.0.0.1 /Public/Admin/lib/Hui-iconfont/1.0.1/iconfont.css
INFO: [ app_begin ] --START--
INFO: Run Behavior\ReadHtmlCacheBehavior [ RunTime:0.000955s ]
INFO: [ app_begin ] --END-- [ RunTime:0.001428s ]
ERR: 无法加载控制器:Public

[ 2017-03-09T21:58:07+08:00 ] 127.0.0.1 /Public/Admin/lib/Hui-iconfont/1.0.1/iconfont.css
INFO: [ app_begin ] --START--
INFO: Run Behavior\ReadHtmlCacheBehavior [ RunTime:0.000761s ]
INFO: [ app_begin ] --END-- [ RunTime:0.001225s ]
ERR: 无法加载控制器:Public

[ 2017-03-09T22:00:23+08:00 ] 127.0.0.1 /Public/Admin/lib/Hui-iconfont/1.0.1/iconfont.css
INFO: [ app_begin ] --START--
INFO: Run Behavior\ReadHtmlCacheBehavior [ RunTime:0.001071s ]
INFO: [ app_begin ] --END-- [ RunTime:0.001604s ]
ERR: 无法加载控制器:Public

[ 2017-03-09T22:04:17+08:00 ] 127.0.0.1 /Public/Admin/lib/Hui-iconfont/1.0.1/iconfont.css
INFO: [ app_begin ] --START--
INFO: Run Behavior\ReadHtmlCacheBehavior [ RunTime:0.000820s ]
INFO: [ app_begin ] --END-- [ RunTime:0.001308s ]
ERR: 无法加载控制器:Public

[ 2017-03-09T22:05:32+08:00 ] 127.0.0.1 /Public/Admin/lib/Hui-iconfont/1.0.1/iconfont.css
INFO: [ app_begin ] --START--
INFO: Run Behavior\ReadHtmlCacheBehavior [ RunTime:0.000938s ]
INFO: [ app_begin ] --END-- [ RunTime:0.001435s ]
ERR: 无法加载控制器:Public

[ 2017-03-09T22:05:44+08:00 ] 127.0.0.1 /Public/Admin/lib/Hui-iconfont/1.0.1/iconfont.css
INFO: [ app_begin ] --START--
INFO: Run Behavior\ReadHtmlCacheBehavior [ RunTime:0.000787s ]
INFO: [ app_begin ] --END-- [ RunTime:0.001275s ]
ERR: 无法加载控制器:Public

[ 2017-03-09T22:10:34+08:00 ] 127.0.0.1 /Public/Admin/lib/Hui-iconfont/1.0.1/iconfont.css
INFO: [ app_begin ] --START--
INFO: Run Behavior\ReadHtmlCacheBehavior [ RunTime:0.000818s ]
INFO: [ app_begin ] --END-- [ RunTime:0.001335s ]
ERR: 无法加载控制器:Public

[ 2017-03-09T22:11:07+08:00 ] 127.0.0.1 /Public/Admin/lib/Hui-iconfont/1.0.1/iconfont.css
INFO: [ app_begin ] --START--
INFO: Run Behavior\ReadHtmlCacheBehavior [ RunTime:0.000516s ]
INFO: [ app_begin ] --END-- [ RunTime:0.000941s ]
ERR: 无法加载控制器:Public

[ 2017-03-09T22:12:05+08:00 ] 127.0.0.1 /Public/Admin/lib/Hui-iconfont/1.0.1/iconfont.css
INFO: [ app_begin ] --START--
INFO: Run Behavior\ReadHtmlCacheBehavior [ RunTime:0.001660s ]
INFO: [ app_begin ] --END-- [ RunTime:0.002406s ]
ERR: 无法加载控制器:Public

[ 2017-03-09T22:12:48+08:00 ] 127.0.0.1 /Public/Admin/lib/Hui-iconfont/1.0.1/iconfont.css
INFO: [ app_begin ] --START--
INFO: Run Behavior\ReadHtmlCacheBehavior [ RunTime:0.001562s ]
INFO: [ app_begin ] --END-- [ RunTime:0.002278s ]
ERR: 无法加载控制器:Public

[ 2017-03-09T22:12:55+08:00 ] 127.0.0.1 /Public/Admin/lib/Hui-iconfont/1.0.1/iconfont.css
INFO: [ app_begin ] --START--
INFO: Run Behavior\ReadHtmlCacheBehavior [ RunTime:0.001526s ]
INFO: [ app_begin ] --END-- [ RunTime:0.002256s ]
ERR: 无法加载控制器:Public

[ 2017-03-09T22:34:22+08:00 ] 127.0.0.1 /Public/Admin/lib/Hui-iconfont/1.0.1/iconfont.css
INFO: [ app_begin ] --START--
INFO: Run Behavior\ReadHtmlCacheBehavior [ RunTime:0.000773s ]
INFO: [ app_begin ] --END-- [ RunTime:0.001236s ]
ERR: 无法加载控制器:Public

[ 2017-03-09T22:34:31+08:00 ] 127.0.0.1 /Public/Admin/lib/Hui-iconfont/1.0.1/iconfont.css
INFO: [ app_begin ] --START--
INFO: Run Behavior\ReadHtmlCacheBehavior [ RunTime:0.000908s ]
INFO: [ app_begin ] --END-- [ RunTime:0.001449s ]
ERR: 无法加载控制器:Public

[ 2017-03-09T22:34:34+08:00 ] 127.0.0.1 /Public/Admin/lib/Hui-iconfont/1.0.1/iconfont.css
INFO: [ app_begin ] --START--
INFO: Run Behavior\ReadHtmlCacheBehavior [ RunTime:0.000778s ]
INFO: [ app_begin ] --END-- [ RunTime:0.001202s ]
ERR: 无法加载控制器:Public

[ 2017-03-09T22:34:44+08:00 ] 127.0.0.1 /Public/Admin/lib/Hui-iconfont/1.0.1/iconfont.css
INFO: [ app_begin ] --START--
INFO: Run Behavior\ReadHtmlCacheBehavior [ RunTime:0.000830s ]
INFO: [ app_begin ] --END-- [ RunTime:0.001370s ]
ERR: 无法加载控制器:Public

[ 2017-03-09T22:35:21+08:00 ] 127.0.0.1 /Public/Admin/lib/Hui-iconfont/1.0.1/iconfont.css
INFO: [ app_begin ] --START--
INFO: Run Behavior\ReadHtmlCacheBehavior [ RunTime:0.000892s ]
INFO: [ app_begin ] --END-- [ RunTime:0.001439s ]
ERR: 无法加载控制器:Public

[ 2017-03-09T22:35:36+08:00 ] 127.0.0.1 /Public/Admin/lib/Hui-iconfont/1.0.1/iconfont.css
INFO: [ app_begin ] --START--
INFO: Run Behavior\ReadHtmlCacheBehavior [ RunTime:0.000881s ]
INFO: [ app_begin ] --END-- [ RunTime:0.001426s ]
ERR: 无法加载控制器:Public

[ 2017-03-09T22:35:43+08:00 ] 127.0.0.1 /Public/Admin/lib/Hui-iconfont/1.0.1/iconfont.css
INFO: [ app_begin ] --START--
INFO: Run Behavior\ReadHtmlCacheBehavior [ RunTime:0.001531s ]
INFO: [ app_begin ] --END-- [ RunTime:0.002374s ]
ERR: 无法加载控制器:Public

[ 2017-03-09T22:35:47+08:00 ] 127.0.0.1 /Public/Admin/lib/Hui-iconfont/1.0.1/iconfont.css
INFO: [ app_begin ] --START--
INFO: Run Behavior\ReadHtmlCacheBehavior [ RunTime:0.000859s ]
INFO: [ app_begin ] --END-- [ RunTime:0.001419s ]
ERR: 无法加载控制器:Public

