[ 2016-08-09T18:19:01+08:00 ] 220.181.108.114 /admin
INFO: [ app_begin ] --START--
INFO: Run Behavior\ReadHtmlCacheBehavior [ RunTime:0.004602s ]
INFO: [ app_begin ] --END-- [ RunTime:0.022601s ]
NOTIC: [8] Undefined index: uid /alidata/www/work/hkp/09/Application/Admin/Controller/PublicController.class.php 第 12 行.
SQL: SHOW COLUMNS FROM `lx_admin` [ RunTime:0.0134s ]
SQL: SELECT `name` FROM `lx_admin` WHERE ( id='' ) LIMIT 1   [ RunTime:0.0003s ]
SQL: SELECT * FROM `lx_admin` WHERE ( id = '' ) LIMIT 1   [ RunTime:0.0002s ]
SQL: SHOW COLUMNS FROM `lx_comment` [ RunTime:0.0036s ]
SQL: SELECT COUNT(*) AS tp_count FROM `lx_comment` WHERE ( status=0 ) LIMIT 1   [ RunTime:0.0107s ]
INFO: [ view_parse ] --START--
INFO: [ template_filter ] --START--
INFO: Run Behavior\ContentReplaceBehavior [ RunTime:0.000140s ]
INFO: [ template_filter ] --END-- [ RunTime:0.000224s ]
INFO: Run Behavior\ParseTemplateBehavior [ RunTime:0.103438s ]
INFO: [ view_parse ] --END-- [ RunTime:0.103518s ]
INFO: [ view_filter ] --START--
INFO: Run Behavior\WriteHtmlCacheBehavior [ RunTime:0.001713s ]
INFO: [ view_filter ] --END-- [ RunTime:0.001751s ]
INFO: [ app_end ] --START--
INFO: Run Behavior\ShowPageTraceBehavior [ RunTime:0.001137s ]
INFO: [ app_end ] --END-- [ RunTime:0.001179s ]

